Command line:
   dac_adapter_isim_beh.exe
     -simmode  gui
     -simrunnum  0
     -socket  40233

Sat Jun  9 14:42:39 2018


 Elaboration Time: 0.01 sec

 Current Memory Usage: 200.675 Meg

 Total Signals          : 23
 Total Nets             : 65
 Total Signal Drivers   : 12
 Total Blocks           : 2
 Total Primitive Blocks : 2
 Total Processes        : 14
 Total Traceable Variables  : 26
 Total Scalar Nets and Variables : 226
Total Line Count : 65

 Total Simulation Time: 0.02 sec

 Current Memory Usage: 276.177 Meg

Sat Jun  9 14:42:44 2018

